Replace Part C1 Cap Semi in C:\Users\Juan Carlos\Documents\Altium\Proyectos\ecube\ecube\usb_uart.SchDoc with Cap Semi from Miscellaneous Devices.IntLib
Replace Part C2 Cap Semi in C:\Users\Juan Carlos\Documents\Altium\Proyectos\ecube\ecube\usb_uart.SchDoc with Cap Semi from Miscellaneous Devices.IntLib
Replace Part C3 Cap Semi in C:\Users\Juan Carlos\Documents\Altium\Proyectos\ecube\ecube\usb_uart.SchDoc with Cap Semi from Miscellaneous Devices.IntLib
Replace Part C4 Cap Semi in C:\Users\Juan Carlos\Documents\Altium\Proyectos\ecube\ecube\usb_uart.SchDoc with Cap Semi from Miscellaneous Devices.IntLib
Replace Part C5 Cap Semi in C:\Users\Juan Carlos\Documents\Altium\Proyectos\ecube\ecube\usb_uart.SchDoc with Cap Semi from Miscellaneous Devices.IntLib
Replace Part CN1 47346-1001 in C:\Users\Juan Carlos\Documents\Altium\Proyectos\ecube\ecube\usb_uart.SchDoc with 47346-1001 from ecubelib.SchLib
Replace Part D1 PMEG3020DEP,115 in C:\Users\Juan Carlos\Documents\Altium\Proyectos\ecube\ecube\usb_uart.SchDoc with PMEG3020DEP,115 from ecubelib.SchLib
Replace Part D2 PMEG3020DEP,115 in C:\Users\Juan Carlos\Documents\Altium\Proyectos\ecube\ecube\usb_uart.SchDoc with PMEG3020DEP,115 from ecubelib.SchLib
Replace Part L1 KM-23 in C:\Users\Juan Carlos\Documents\Altium\Proyectos\ecube\ecube\usb_uart.SchDoc with KM-23 from ecubelib.SchLib
Replace Part L2 KM-23 in C:\Users\Juan Carlos\Documents\Altium\Proyectos\ecube\ecube\usb_uart.SchDoc with KM-23 from ecubelib.SchLib
Replace Part L3 KM-23 in C:\Users\Juan Carlos\Documents\Altium\Proyectos\ecube\ecube\usb_uart.SchDoc with KM-23 from ecubelib.SchLib
Replace Part P1 Header 2 in C:\Users\Juan Carlos\Documents\Altium\Proyectos\ecube\ecube\usb_uart.SchDoc with Header 2 from Miscellaneous Connectors.IntLib
Replace Part P2 Header 2 in C:\Users\Juan Carlos\Documents\Altium\Proyectos\ecube\ecube\usb_uart.SchDoc with Header 2 from Miscellaneous Connectors.IntLib
Replace Part R1 Res3 in C:\Users\Juan Carlos\Documents\Altium\Proyectos\ecube\ecube\usb_uart.SchDoc with Res3 from Miscellaneous Devices.IntLib
Replace Part R2 Res3 in C:\Users\Juan Carlos\Documents\Altium\Proyectos\ecube\ecube\usb_uart.SchDoc with Res3 from Miscellaneous Devices.IntLib
Replace Part R3 Res3 in C:\Users\Juan Carlos\Documents\Altium\Proyectos\ecube\ecube\usb_uart.SchDoc with Res3 from Miscellaneous Devices.IntLib
Replace Part R4 Res3 in C:\Users\Juan Carlos\Documents\Altium\Proyectos\ecube\ecube\usb_uart.SchDoc with Res3 from Miscellaneous Devices.IntLib
Replace Part R5 Res3 in C:\Users\Juan Carlos\Documents\Altium\Proyectos\ecube\ecube\usb_uart.SchDoc with Res3 from Miscellaneous Devices.IntLib
Replace Part R6 Res3 in C:\Users\Juan Carlos\Documents\Altium\Proyectos\ecube\ecube\usb_uart.SchDoc with Res3 from Miscellaneous Devices.IntLib
Replace Part U1 FT232RL-Reel in C:\Users\Juan Carlos\Documents\Altium\Proyectos\ecube\ecube\usb_uart.SchDoc with FT232RL-Reel from FTDI Communication UART.IntLib
Replace Part U2 NCP1117ST33T3G in C:\Users\Juan Carlos\Documents\Altium\Proyectos\ecube\ecube\usb_uart.SchDoc with NCP1117ST33T3G from ecubelib.SchLib
