Replace Part B1 MCABT-408-RC in C:\Users\Juan Carlos\Desktop\ecube\processingsys.SchDoc with MCABT-408-RC from ecubelib.SchLib
Replace Part B2 FSM2JSMASTR in C:\Users\Juan Carlos\Desktop\ecube\processingsys.SchDoc with FSM2JSMASTR from ecubelib.SchLib
Replace Part B3 FSM2JSMASTR in C:\Users\Juan Carlos\Desktop\ecube\processingsys.SchDoc with FSM2JSMASTR from ecubelib.SchLib
Replace Part C6 Cap Semi in C:\Users\Juan Carlos\Desktop\ecube\processingsys.SchDoc with Cap Semi from Miscellaneous Devices.IntLib
Replace Part C7 Cap Semi in C:\Users\Juan Carlos\Desktop\ecube\processingsys.SchDoc with Cap Semi from Miscellaneous Devices.IntLib
Replace Part L4 KM-23 in C:\Users\Juan Carlos\Desktop\ecube\processingsys.SchDoc with KM-23 from ecubelib.SchLib
Replace Part L5 KM-23 in C:\Users\Juan Carlos\Desktop\ecube\processingsys.SchDoc with KM-23 from ecubelib.SchLib
Replace Part L6 KM-23 in C:\Users\Juan Carlos\Desktop\ecube\processingsys.SchDoc with KM-23 from ecubelib.SchLib
Replace Part L7 KM-23 in C:\Users\Juan Carlos\Desktop\ecube\processingsys.SchDoc with KM-23 from ecubelib.SchLib
Replace Part L8 KM-23 in C:\Users\Juan Carlos\Desktop\ecube\processingsys.SchDoc with KM-23 from ecubelib.SchLib
Replace Part L9 KM-23 in C:\Users\Juan Carlos\Desktop\ecube\processingsys.SchDoc with KM-23 from ecubelib.SchLib
Replace Part L10 KM-23 in C:\Users\Juan Carlos\Desktop\ecube\processingsys.SchDoc with KM-23 from ecubelib.SchLib
Replace Part P3 Header 8 in C:\Users\Juan Carlos\Desktop\ecube\processingsys.SchDoc with Header 8 from Miscellaneous Connectors.IntLib
Replace Part P4 Header 8 in C:\Users\Juan Carlos\Desktop\ecube\processingsys.SchDoc with Header 8 from Miscellaneous Connectors.IntLib
Replace Part P5 Header 6 in C:\Users\Juan Carlos\Desktop\ecube\processingsys.SchDoc with Header 6 from Miscellaneous Connectors.IntLib
Replace Part P6 Header 4 in C:\Users\Juan Carlos\Desktop\ecube\processingsys.SchDoc with Header 4 from Miscellaneous Connectors.IntLib
Replace Part R7 Res3 in C:\Users\Juan Carlos\Desktop\ecube\processingsys.SchDoc with Res3 from Miscellaneous Devices.IntLib
Replace Part R8 Res3 in C:\Users\Juan Carlos\Desktop\ecube\processingsys.SchDoc with Res3 from Miscellaneous Devices.IntLib
Replace Part R9 Res3 in C:\Users\Juan Carlos\Desktop\ecube\processingsys.SchDoc with Res3 from Miscellaneous Devices.IntLib
Replace Part R10 Res3 in C:\Users\Juan Carlos\Desktop\ecube\processingsys.SchDoc with Res3 from Miscellaneous Devices.IntLib
Replace Part R11 Res3 in C:\Users\Juan Carlos\Desktop\ecube\processingsys.SchDoc with Res3 from Miscellaneous Devices.IntLib
Replace Part R12 Res3 in C:\Users\Juan Carlos\Desktop\ecube\processingsys.SchDoc with Res3 from Miscellaneous Devices.IntLib
Replace Part R13 Res3 in C:\Users\Juan Carlos\Desktop\ecube\processingsys.SchDoc with Res3 from Miscellaneous Devices.IntLib
Replace Part R14 Res3 in C:\Users\Juan Carlos\Desktop\ecube\processingsys.SchDoc with Res3 from Miscellaneous Devices.IntLib
Replace Part R15 Res3 in C:\Users\Juan Carlos\Desktop\ecube\processingsys.SchDoc with Res3 from Miscellaneous Devices.IntLib
Replace Part R16 Res3 in C:\Users\Juan Carlos\Desktop\ecube\processingsys.SchDoc with Res3 from Miscellaneous Devices.IntLib
Replace Part R17 Res3 in C:\Users\Juan Carlos\Desktop\ecube\processingsys.SchDoc with Res3 from Miscellaneous Devices.IntLib
Replace Part R18 Res3 in C:\Users\Juan Carlos\Desktop\ecube\processingsys.SchDoc with Res3 from Miscellaneous Devices.IntLib
Replace Part R19 Res3 in C:\Users\Juan Carlos\Desktop\ecube\processingsys.SchDoc with Res3 from Miscellaneous Devices.IntLib
Replace Part R20 Res3 in C:\Users\Juan Carlos\Desktop\ecube\processingsys.SchDoc with Res3 from Miscellaneous Devices.IntLib
Replace Part R21 Res3 in C:\Users\Juan Carlos\Desktop\ecube\processingsys.SchDoc with Res3 from Miscellaneous Devices.IntLib
Replace Part R22 Res3 in C:\Users\Juan Carlos\Desktop\ecube\processingsys.SchDoc with Res3 from Miscellaneous Devices.IntLib
Replace Part R23 Res3 in C:\Users\Juan Carlos\Desktop\ecube\processingsys.SchDoc with Res3 from Miscellaneous Devices.IntLib
Replace Part R24 Res3 in C:\Users\Juan Carlos\Desktop\ecube\processingsys.SchDoc with Res3 from Miscellaneous Devices.IntLib
Replace Part T1 SBC846BWT1G in C:\Users\Juan Carlos\Desktop\ecube\processingsys.SchDoc with SBC846BWT1G from ecubelib.SchLib
Replace Part T2 SBC846BWT1G in C:\Users\Juan Carlos\Desktop\ecube\processingsys.SchDoc with SBC846BWT1G from ecubelib.SchLib
Replace Part U3 ESP8266-12E in C:\Users\Juan Carlos\Desktop\ecube\processingsys.SchDoc with ESP8266-12E from ecubelib.SchLib
